<?xml version="1.0" encoding="UTF-8"?>
<testsuite xmlns:xsi="http://www.w3.org/2001/XMLSchema-instance" xsi:schemaLocation="https://maven.apache.org/surefire/maven-surefire-plugin/xsd/surefire-test-report.xsd" name="service.AccountServiceTest" time="0.437" tests="23" errors="0" skipped="0" failures="0">
  <properties>
[...]
</properties>
  <testcase name="testGetAccount" classname="service.AccountServiceTest" time="0.256"/>
  <testcase name="testGetAccountEmpty" classname="service.AccountServiceTest" time="0.001"/>
  <testcase name="testAddAccount" classname="service.AccountServiceTest" time="0.002"/>
  <testcase name="testAddAccountWithNoName" classname="service.AccountServiceTest" time="0.001"/>
  <testcase name="testAddAccountWithEmptyName" classname="service.AccountServiceTest" time="0.001"/>
  <testcase name="testLoginUserWithNoName" classname="service.AccountServiceTest" time="0.002"/>
  <testcase name="testLoginUserWithEmptyName" classname="service.AccountServiceTest" time="0.001"/>
  <testcase name="testLoginUserWithNewName" classname="service.AccountServiceTest" time="0.01"/>
  <testcase name="testTopupBalance" classname="service.AccountServiceTest" time="0.008"/>
  <testcase name="testTopupBalanceWithIllegalCredit" classname="service.AccountServiceTest" time="0.011"/>
  <testcase name="testTopupBalanceLessCredit" classname="service.AccountServiceTest" time="0.021"/>
  <testcase name="testTopupBalanceEqualCredit" classname="service.AccountServiceTest" time="0.017"/>
  <testcase name="testTopupBalanceMoreCredit" classname="service.AccountServiceTest" time="0.018"/>
  <testcase name="testTransferAmountNoName" classname="service.AccountServiceTest" time="0.004"/>
  <testcase name="testTransferAmountEmptyName" classname="service.AccountServiceTest" time="0.006"/>
  <testcase name="testTransferAmountIncorrectAmount" classname="service.AccountServiceTest" time="0.005"/>
  <testcase name="testTransferAmountNoOwesLessAmount" classname="service.AccountServiceTest" time="0.011"/>
  <testcase name="testTransferAmountNoOwesEqualAmount" classname="service.AccountServiceTest" time="0.009"/>
  <testcase name="testTransferAmountNoOwesMoreAmount" classname="service.AccountServiceTest" time="0.009"/>
  <testcase name="testTransferAmountWithPayeeOwesLess" classname="service.AccountServiceTest" time="0.012"/>
  <testcase name="testTransferAmountWithPayeeOwes" classname="service.AccountServiceTest" time="0.01"/>
  <testcase name="testTransferAmountWithPayeeOwesMore" classname="service.AccountServiceTest" time="0.011"/>
  <testcase name="testTransferAmountWithPayerOwesToPayee" classname="service.AccountServiceTest" time="0.01"/>
</testsuite>